2022-02-25 14:46:06 Send Success: information@green-island.mixh.jp
2022-02-25 14:49:28 Send Success: information@green-island.mixh.jp
2022-02-25 15:01:04 Send Success: r.tamura-az@azuma.agns.co.jp
2022-02-25 15:10:49 Send Success: green.green.midori@gmail.com
2022-02-25 15:20:00 Send Success: information@green-island.mixh.jp
2022-03-02 17:27:42 Send Success: green.green.midori@gmail.com
2022-03-04 12:56:20 Send Success: r.tamura-az@azuma.agns.co.jp
2022-03-23 17:23:02 Send failure: green.green.midori@gmail.com
2022-03-23 17:28:27 Send Success: green.green.midori@gmail.com
2022-03-23 17:37:03 Send Success: green.green.midori@gmail.com
2022-04-08 17:31:39 Send Success: green.green.midori@gmail.com2
2022-04-08 17:31:49 Send Success: demo@stripe
2022-04-08 17:43:19 Send Success: green.green.midori@gmail.com
2022-04-08 18:20:08 Send Success: green.green.midori@gmail.com
2022-04-13 21:47:16 Send Success: green.green.midori@gmail.com
2022-04-19 14:05:39 Send Success: information@green-island.mixh.jp
2022-04-19 15:05:14 Send Success: information@green-island.mixh.jp
2022-05-12 20:25:50 Send Success: information@green-island.mixh.jp
2022-06-23 00:32:09 Send failure: green.green.midori@gmail.com
2022-06-23 00:32:49 Send Success: green.green.midori@gmail.com
2022-06-23 14:21:12 Send Success: green.green.midori@green-island.mixh.jp
2022-06-23 14:26:37 Send Success: green.green.midori@green-island.mixh.jp
2022-06-23 14:27:22 Send Success: green.green.midori@green-island.mixh.jp
2022-06-23 14:28:00 Send Success: green.green.midori@green-island.mixh.jp
2022-06-23 14:34:42 Send Success: green.green.midori@green-island.mixh.jp
2022-06-23 14:46:09 Send Success: green.green.midori@green-island.mixh.jp
2022-07-06 16:37:47 Send Success: information@green-island.mixh.jp
2022-07-06 16:38:02 Send Success: information@green-island.mixh.jp
2022-07-06 17:43:07 Send Success: green.green.midori@gmail.com
2022-07-29 10:43:59 Send Success: information@green-island.mixh.jp
2022-09-01 17:23:24 Send Success: green.green.midori@green-island.mixh.jp
2022-09-01 18:51:12 Send failure: green.green.midori@gmail.com
2022-09-01 18:56:59 Send failure: green.green.midori@gmail.com
2022-09-01 18:58:37 Send Success: information@green-island.mixh.jp
2022-09-01 19:02:22 Send Success: green.green.midori@gmail.com
2022-11-13 10:00:53 Send Success: yuna1019tamura@gmail.com
2022-11-13 10:17:26 Send Success: green.green.midori@gmail.com
2022-11-13 10:19:27 Send Success: green.green.midori@icloud.com
